# ------------------------------------------------------------
# Test:    UNIFORM_FILTERS_TWO_SUMMERS_ONE_RUN_ULTRA_OPTIMISED_CONFIG/Loop_signal_to_noise_vectors_500Hz_20_m_s_s_uniform_python_filters_domed_power_thresholds
# Started: Wed May 15 11:46:23 BST 2024
# ------------------------------------------------------------

Loading config ...
HSUM and CTRL Config loading time = 401 ms
Loading coefficients ...
Convolution Template loading time = 7921 ms
Loading data ...
Triggering ...
FDAS-FILTERS-MID_dd7e841_500.0_0.05_1.0_20.0_Gaussian_10.0_0000_123123123
==================================================================
FDAS Version with 28 Convolutions per loop, 2 DDRs storing the FOP, 2 Summer Trees
ANALYSIS RUN 1
HARMONIC   FOPCOL     FREQ   FOPROW ACCELERATION    POWER
=========================================================
SIFTED RESULT
HARMONIC   FREQ   ACCELERATION  POWER
======================================
HARMONIC   T_EXC     S_EXC   P_EXC    
======================================
       0        0        0        0 
       1        0        0        0 
       2        0        0        0 
       3        0        0        0 
       4        0        0        0 
       5        0        0        0 
       6        0        0        0 
       7        0        0        0 
       8        0        0        0 
       9        0        0        0 
      10        0        0        0 
      11        0        0        0 
      12        0        0        0 
      13        0        0        0 
      14        0        0        0 
      15        0        0        0 
Loading data ...
Triggering ...
FDAS-FILTERS-MID_dd7e841_500.0_0.05_1.0_20.0_Gaussian_15.0_0000_123123123
==================================================================
FDAS Version with 28 Convolutions per loop, 2 DDRs storing the FOP, 2 Summer Trees
ANALYSIS RUN 1
HARMONIC   FOPCOL     FREQ   FOPROW ACCELERATION    POWER
=========================================================
       7  2147445   3999.9       28     19.5    80.5  0x42A1004C
       7  2147446   3999.9       28     19.5    90.0  0x42B418B2
       7  2147445   3999.9       27     20.8    81.4  0x42A2D32D
       7  2147446   3999.9       27     20.8    76.7  0x42994E53
       7  2147445   3999.9       26     22.1    76.8  0x4299AA6D
SIFTED RESULT
HARMONIC   FREQ   ACCELERATION  POWER
======================================
       7   3999.9    19.5    90.0  
HARMONIC   T_EXC     S_EXC   P_EXC    
======================================
       0        0        0        0 
       1        0        0        0 
       2        0        0        0 
       3        0        0        0 
       4        0        0        0 
       5        0        0        0 
       6        0        0        0 
       7        0        0        0 
       8        0        0        0 
       9        0        0        0 
      10        0        0        0 
      11        0        0        0 
      12        0        0        0 
      13        0        0        0 
      14        0        0        0 
      15        0        0        0 
Loading data ...
Triggering ...
FDAS-FILTERS-MID_dd7e841_500.0_0.05_1.0_20.0_Gaussian_20.0_0000_123123123
==================================================================
FDAS Version with 28 Convolutions per loop, 2 DDRs storing the FOP, 2 Summer Trees
ANALYSIS RUN 1
HARMONIC   FOPCOL     FREQ   FOPROW ACCELERATION    POWER
=========================================================
       7  1073722   2000.0       35     20.8    79.7  0x429F52F5
       7  1073723   2000.0       35     20.8    99.3  0x42C68D73
       7  2147449   3999.9       30     16.9    77.6  0x429B2F5B
       7  2147447   3999.9       29     18.2    94.8  0x42BD8064
       7  2147448   3999.9       29     18.2    85.0  0x42A9E7A7
       7  2147449   3999.9       29     18.2    78.9  0x429DBF6C
       7  2147444   3999.9       29     18.2    92.0  0x42B818EB
       7  2147445   3999.9       29     18.2   104.2  0x42D055C4
       7  2147446   3999.9       29     18.2    90.6  0x42B52552
       7  2147447   3999.9       29     18.2    81.9  0x42A3BC9B
       7  2147448   3999.9       29     18.2    75.1  0x4296290F
       7  2147444   3999.9       28     19.5   107.1  0x42D61DF6
       7  2147445   3999.9       28     19.5   131.0  0x4302F670
       7  2147446   3999.9       28     19.5   141.3  0x430D42F3
       7  2147447   3999.9       28     19.5    94.5  0x42BCEB9D
       7  2147444   3999.9       27     20.8    89.7  0x42B37AE1
       7  2147445   3999.9       27     20.8   134.3  0x4306506F
       7  2147446   3999.9       27     20.8   126.5  0x42FCFDBD
       7  2147447   3999.9       27     20.8    93.2  0x42BA6A69
       7  2147444   3999.9       26     22.1    92.6  0x42B93975
       7  2147445   3999.9       26     22.1   122.4  0x42F4C373
       7  2147446   3999.9       26     22.1   114.0  0x42E3EFB9
       7  2147447   3999.9       26     22.1    92.6  0x42B921CD
SIFTED RESULT
HARMONIC   FREQ   ACCELERATION  POWER
======================================
       7   3999.9    19.5   141.3  
HARMONIC   T_EXC     S_EXC   P_EXC    
======================================
       0        0        0        0 
       1        0        0        0 
       2        0        0        0 
       3        0        0        0 
       4        0        0        0 
       5        0        0        0 
       6        0        0        0 
       7        0        0        0 
       8        0        0        0 
       9        0        0        0 
      10        0        0        0 
      11        0        0        0 
      12        0        0        0 
      13        0        0        0 
      14        0        0        0 
      15        0        0        0 
Loading data ...
Triggering ...
FDAS-FILTERS-MID_dd7e841_500.0_0.05_1.0_20.0_Gaussian_25.0_0000_123123123
==================================================================
FDAS Version with 28 Convolutions per loop, 2 DDRs storing the FOP, 2 Summer Trees
ANALYSIS RUN 1
HARMONIC   FOPCOL     FREQ   FOPROW ACCELERATION    POWER
=========================================================
       6  1879014   3499.9       30     19.3   189.9  0x433DEA06
       6  1879015   3499.9       30     19.3   196.7  0x4344AFF5
       6  1879014   3499.9       29     20.8   181.8  0x4335CF58
       6  1879015   3499.9       29     20.8   189.5  0x433D80B2
       6  1879014   3499.9       28     22.3   167.4  0x43277050
       6  1879015   3499.9       28     22.3   169.5  0x43297A27
       7  1073723   2000.0       37     15.6    95.7  0x42BF4FC6
       7  1073724   2000.0       37     15.6    85.8  0x42AB8C2A
       7  1073721   2000.0       36     18.2    78.3  0x429C97A6
       7  1073722   2000.0       36     18.2   104.5  0x42D0EC22
       7  1073723   2000.0       36     18.2    90.9  0x42B5BFDC
       7  1073724   2000.0       36     18.2    90.2  0x42B47DF5
       7  1073722   2000.0       35     20.8   120.4  0x42F0E555
       7  1073723   2000.0       35     20.8   149.3  0x43155831
       7  1073721   2000.0       34     23.4    79.2  0x429E6A26
       7  1073722   2000.0       34     23.4    84.9  0x42A9B78E
       7  1073723   2000.0       34     23.4    76.7  0x42996E94
       7  1073724   2000.0       34     23.4    75.3  0x4296B2F3
       7  1073719   2000.0       33     26.0    78.0  0x429C0DEA
       7  1073721   2000.0       33     26.0    76.5  0x4298F5DA
       7  1073724   2000.0       37     15.6    84.0  0x42A80E91
       7  1073725   2000.0       37     15.6    82.8  0x42A5808B
       7  1073724   2000.0       36     18.2    89.3  0x42B2A903
       7  1073725   2000.0       36     18.2    80.1  0x42A032D6
       7  1610584   2999.9       32     19.1    77.1  0x429A3EC8
       7  2147442   3999.9       30     16.9    88.1  0x42B040CF
       7  2147443   3999.9       30     16.9    87.6  0x42AF3131
       7  2147444   3999.9       30     16.9    76.7  0x429953CC
       7  2147442   3999.9       29     18.2    80.6  0x42A138F6
       7  2147443   3999.9       29     18.2    97.9  0x42C3DCAD
       7  2147444   3999.9       29     18.2   100.6  0x42C93565
SIFTED RESULT
HARMONIC   FREQ   ACCELERATION  POWER
======================================
       6   3499.9    19.3   196.7  
HARMONIC   T_EXC     S_EXC   P_EXC    
======================================
       0        0        0        0 
       1        0        0        0 
       2        0        0        0 
       3        0        0        0 
       4        0        0        0 
       5        0        0        0 
       6        0        0        0 
       7       67   268430       31 
       8        0        0        0 
       9        0        0        0 
      10        0        0        0 
      11        0        0        0 
      12        0        0        0 
      13        0        0        0 
      14        0        0        0 
      15        0        0        0 
Loading data ...
Triggering ...
FDAS-FILTERS-MID_dd7e841_500.0_0.05_1.0_20.0_Gaussian_30.0_0000_123123123
==================================================================
FDAS Version with 28 Convolutions per loop, 2 DDRs storing the FOP, 2 Summer Trees
ANALYSIS RUN 1
HARMONIC   FOPCOL     FREQ   FOPROW ACCELERATION    POWER
=========================================================
       5  1610584   2999.9       32     19.1   263.1  0x43838F93
       5  1610584   2999.9       31     20.8   255.3  0x437F44F3
       6   939507   1750.0       36     20.8   159.8  0x431FC5D5
       6   939508   1750.0       36     20.8   161.6  0x432192E2
       6  1879016   3499.9       31     17.8   155.8  0x431BCD7B
       6  1879014   3499.9       30     19.3   207.8  0x434FC907
       6  1879015   3499.9       30     19.3   202.7  0x434AB60D
       6  1879014   3499.9       30     19.3   268.5  0x43864083
       6  1879015   3499.9       30     19.3   277.4  0x438AB6C2
       6  1879016   3499.9       30     19.3   186.9  0x433AE82D
       6  1879014   3499.9       29     20.8   261.1  0x438290BE
       6  1879015   3499.9       29     20.8   270.9  0x438771EB
       6  1879016   3499.9       29     20.8   190.1  0x433E2241
       6  1879014   3499.9       28     22.3   239.7  0x436FB00E
       6  1879015   3499.9       28     22.3   241.9  0x4371E160
       6  1879016   3499.9       28     22.3   191.0  0x433F0173
       7   536862   1000.0       40     15.6    77.7  0x429B5F8A
       7   536861   1000.0       39     20.8   100.1  0x42C84AD2
       7   715814   1333.3       38     19.5    88.3  0x42B08E70
       7   715815   1333.3       38     19.5    99.2  0x42C65E8B
       7   715814   1333.3       37     23.4    88.1  0x42B03296
       7   715815   1333.3       37     23.4    95.9  0x42BFBE7F
       7   805292   1500.0       37     20.8    77.7  0x429B4DEC
       7   805292   1500.0       37     20.8    84.3  0x42A8910C
       7   805292   1500.0       37     20.8    77.3  0x429AA3F8
       7   920333   1714.3       37     18.2    79.6  0x429F3833
       7   920334   1714.3       37     18.2    91.2  0x42B65A6D
       7   920333   1714.3       36     21.2    78.0  0x429C0EE3
       7   920334   1714.3       36     21.2    85.6  0x42AB46F5
       7  1073723   2000.0       37     15.6    86.3  0x42AC81A1
       7  1073724   2000.0       37     15.6    75.1  0x429639A7
       7  1073721   2000.0       37     15.6    87.6  0x42AF2F99
       7  1073722   2000.0       37     15.6    96.6  0x42C14878
       7  1073723   2000.0       37     15.6   127.2  0x42FE6163
       7  1073724   2000.0       37     15.6   116.0  0x42E81969
       7  1073721   2000.0       36     18.2   106.2  0x42D46616
       7  1073722   2000.0       36     18.2   148.4  0x431470D7
       7  1073723   2000.0       36     18.2   133.7  0x4305BF9F
       7  1073724   2000.0       36     18.2   119.5  0x42EF0EB1
       7  1073721   2000.0       35     20.8    93.1  0x42BA48E4
       7  1073722   2000.0       35     20.8   173.7  0x432DB32F
SIFTED RESULT
HARMONIC   FREQ   ACCELERATION  POWER
======================================
       5   2999.9    19.1   263.1  
HARMONIC   T_EXC     S_EXC   P_EXC    
======================================
       0        0        0        0 
       1        0        0        0 
       2        0        0        0 
       3        0        0        0 
       4        0        0        0 
       5        0        0        0 
       6        0        0        0 
       7      226   134215       19 
       8        0        0        0 
       9        0        0        0 
      10        0        0        0 
      11        0        0        0 
      12        0        0        0 
      13        0        0        0 
      14        0        0        0 
      15        0        0        0 
Loading data ...
Triggering ...
FDAS-FILTERS-MID_dd7e841_500.0_0.05_1.0_20.0_Gaussian_35.0_0000_123123123
==================================================================
FDAS Version with 28 Convolutions per loop, 2 DDRs storing the FOP, 2 Summer Trees
ANALYSIS RUN 1
HARMONIC   FOPCOL     FREQ   FOPROW ACCELERATION    POWER
=========================================================
       5  1610584   2999.9       32     19.1   271.5  0x4387BFC2
       5  1610583   2999.9       32     19.1   284.4  0x438E2F2A
       5  1610584   2999.9       32     19.1   351.3  0x43AFA44F
       5  1610583   2999.9       31     20.8   276.3  0x438A22F1
       5  1610584   2999.9       31     20.8   344.3  0x43AC21E9
       5  1610583   2999.9       30     22.5   281.3  0x438CA6F8
       5  1610584   2999.9       30     22.5   316.1  0x439E0FA3
       6   939507   1750.0       37     17.8   165.0  0x43250755
       6   939508   1750.0       37     17.8   164.3  0x432441E1
       6   939507   1750.0       36     20.8   217.0  0x4358F49E
       6   939508   1750.0       36     20.8   218.7  0x435AB201
       6  1879013   3499.9       31     17.8   161.3  0x4321563D
       6  1879013   3499.9       30     19.3   178.1  0x43321D50
       6  1879013   3499.9       30     19.3   156.6  0x431C92AE
       6  1879013   3499.9       28     22.3   156.0  0x431C0871
       6  1879012   3499.9       28     22.3   155.3  0x431B4283
       6  1879013   3499.9       28     22.3   170.0  0x4329F4A4
       6  1879014   3499.9       32     16.3   151.4  0x43176551
       6  1879015   3499.9       32     16.3   176.8  0x4330D792
       6  1879016   3499.9       32     16.3   181.2  0x43352D0A
       6  1879017   3499.9       32     16.3   168.9  0x4328DBD0
       6  1879018   3499.9       32     16.3   171.6  0x432B9C9B
       6  1879014   3499.9       31     17.8   178.6  0x43329B84
       6  1879015   3499.9       31     17.8   173.2  0x432D3E7E
       6  1879016   3499.9       31     17.8   198.7  0x4346BBD0
       6  1879017   3499.9       31     17.8   186.4  0x433A6A1E
       6  1879018   3499.9       31     17.8   178.7  0x4332BD17
       6  1879014   3499.9       30     19.3   279.0  0x438B8367
       6  1879015   3499.9       30     19.3   275.0  0x43898562
       6  1879016   3499.9       30     19.3   166.9  0x4326F28C
       6  1879017   3499.9       30     19.3   157.7  0x431DB1DF
       6  1879018   3499.9       30     19.3   162.4  0x43226948
       7   268431    500.0       41     20.8    78.0  0x429C179E
       7   268431    500.0       41     20.8    79.3  0x429E83F8
       7   357908    666.7       41     15.6    75.8  0x42979E6B
       7   357907    666.7       40     23.4    77.5  0x429B0483
       7   357908    666.7       40     23.4    77.5  0x429B15C1
       7   357908    666.7       41     15.6    77.4  0x429AE1FD
       7   357909    666.7       41     15.6    77.8  0x429B970A
       7   357909    666.7       40     23.4    75.4  0x4296D194
       7   429489    800.0       40     19.5    77.9  0x429BE164
       7   429490    800.0       40     19.5    75.7  0x42975F50
       7   429489    800.0       39     26.0    76.5  0x42990425
       7   429490    800.0       39     26.0    76.5  0x42990958
       7   536859   1000.0       38     26.0    78.4  0x429CE2DC
       7   536860   1000.0       38     26.0    89.4  0x42B2DBFE
       7   536861   1000.0       40     15.6    98.9  0x42C5D424
       7   536862   1000.0       40     15.6   101.4  0x42CAD475
       7   536863   1000.0       40     15.6    82.7  0x42A575A7
       7   536861   1000.0       39     20.8   134.4  0x43065D57
       7   536862   1000.0       39     20.8    89.0  0x42B1EA2E
       7   536860   1000.0       38     26.0    81.8  0x42A3A872
       7   536861   1000.0       38     26.0    84.7  0x42A94F38
       7   536862   1000.0       38     26.0    90.1  0x42B42772
       7   536863   1000.0       38     26.0    76.8  0x4299B00A
       7   715815   1333.3       39     15.6    83.8  0x42A782E2
       7   715816   1333.3       39     15.6    84.4  0x42A8C4A7
SIFTED RESULT
HARMONIC   FREQ   ACCELERATION  POWER
======================================
       5   2999.9    19.1   351.3  
HARMONIC   T_EXC     S_EXC   P_EXC    
======================================
       0        0        0        0 
       1        0        0        0 
       2        0        0        0 
       3        0        0        0 
       4        0        0        0 
       5        0        0        0 
       6       15   268431       29 
       7      504    89477        9 
       8        0        0        0 
       9        0        0        0 
      10        0        0        0 
      11        0        0        0 
      12        0        0        0 
      13        0        0        0 
      14        0        0        0 
      15        0        0        0 
Loading data ...
Triggering ...
FDAS-FILTERS-MID_dd7e841_500.0_0.05_1.0_20.0_Gaussian_40.0_0000_123123123
==================================================================
FDAS Version with 28 Convolutions per loop, 2 DDRs storing the FOP, 2 Summer Trees
ANALYSIS RUN 1
HARMONIC   FOPCOL     FREQ   FOPROW ACCELERATION    POWER
=========================================================
       0   268431    500.0       41     20.8    84.1  0x42A81D81
       0   268431    500.0       41     20.8    84.1  0x42A81D81
       0   268431    500.0       41     20.8    84.1  0x42A81D81
       0   268431    500.0       41     20.8    84.1  0x42A81D81
       0   268431    500.0       41     20.8    84.1  0x42A81D81
       0   268431    500.0       41     20.8    84.1  0x42A81D81
       0   268431    500.0       41     20.8    84.1  0x42A81D81
       0   268431    500.0       41     20.8    84.1  0x42A81D81
       0   268431    500.0       41     20.8    84.1  0x42A81D81
       0   268431    500.0       41     20.8    84.1  0x42A81D81
       1   536861   1000.0       39     20.8   163.0  0x4322F7FF
       1   536861   1000.0       39     20.8   163.0  0x4322F7FF
       1   536861   1000.0       39     20.8   163.0  0x4322F7FF
       1   536861   1000.0       39     20.8   163.0  0x4322F7FF
       1   536861   1000.0       39     20.8   163.0  0x4322F7FF
       2   805292   1500.0       37     20.8   280.1  0x438C0C54
       2   805292   1500.0       37     20.8   280.1  0x438C0C54
       2   805292   1500.0       37     20.8   280.1  0x438C0C54
       3  1073723   2000.0       35     20.8   357.9  0x43B2F194
       3  1073723   2000.0       35     20.8   357.9  0x43B2F194
       3  1073723   2000.0       35     20.8   357.9  0x43B2F194
       4  1342153   2500.0       34     18.7   411.2  0x43CD9FA3
       4  1342154   2500.0       34     18.7   365.9  0x43B6F3AB
       4  1342153   2500.0       33     20.8   411.4  0x43CDB399
       4  1342154   2500.0       33     20.8   364.3  0x43B629D7
       4  1342153   2500.0       33     20.8   411.4  0x43CDB399
       4  1342154   2500.0       33     20.8   364.3  0x43B629D7
       5   805292   1500.0       37     20.8   285.4  0x438EB348
       5  1610583   2999.9       32     19.1   324.0  0x43A2008C
       5  1610584   2999.9       32     19.1   354.4  0x43B1324F
       5  1610583   2999.9       32     19.1   373.1  0x43BA8D74
       5  1610584   2999.9       32     19.1   456.7  0x43E45F1C
       5  1610585   2999.9       32     19.1   312.2  0x439C1965
       5  1610583   2999.9       31     20.8   365.8  0x43B6E133
       5  1610584   2999.9       31     20.8   451.3  0x43E1A7D9
       5  1610585   2999.9       31     20.8   319.9  0x439FF12B
       5  1610583   2999.9       30     22.5   372.0  0x43BA03B3
       5  1610584   2999.9       30     22.5   414.1  0x43CF09E2
       5  1610585   2999.9       30     22.5   319.6  0x439FCA04
       6   626338   1166.6       39     17.8   173.7  0x432DA7A7
       6   626338   1166.6       38     22.3   171.9  0x432BE115
       6   939507   1750.0       37     17.8   171.3  0x432B4F48
       6   939508   1750.0       37     17.8   177.4  0x43315FAA
       6   939506   1750.0       37     17.8   158.5  0x431E854F
       6   939507   1750.0       37     17.8   218.9  0x435AEEA2
       6   939508   1750.0       37     17.8   218.2  0x435A37D1
       6   939507   1750.0       36     20.8   286.2  0x438F176E
       6   939508   1750.0       36     20.8   287.9  0x438FEE10
       6   939506   1750.0       35     23.8   170.8  0x432AD3F8
       6   939507   1750.0       35     23.8   183.7  0x4337BC32
       6   939508   1750.0       35     23.8   183.6  0x433798B8
       6   939509   1750.0       37     17.8   175.6  0x432F9D5A
       6   939509   1750.0       37     17.8   160.4  0x43205BC3
       6  1252676   2333.3       34     20.1   162.4  0x43225FB8
       6  1252677   2333.3       34     20.1   163.7  0x4323B6B8
       6  1252676   2333.3       33     22.3   162.5  0x43228363
       6  1252677   2333.3       33     22.3   163.0  0x4322FDFD
       6  1879012   3499.9       32     16.3   182.3  0x43364753
       6  1879013   3499.9       32     16.3   175.0  0x432F08E8
       6  1879012   3499.9       31     17.8   168.4  0x432869A5
       6  1879013   3499.9       31     17.8   202.0  0x434A09C3
       6  1879012   3499.9       30     19.3   184.5  0x4338887D
       6  1879013   3499.9       30     19.3   228.5  0x43647669
       6  1879012   3499.9       30     19.3   159.4  0x431F6B77
       7   268431    500.0       41     20.8    99.5  0x42C71714
       7   268431    500.0       41     20.8   100.6  0x42C94090
       7   306778    571.4       41     18.2    95.4  0x42BEE4B9
       7   306779    571.4       41     18.2    94.0  0x42BBEF28
       7   357907    666.7       41     15.6    96.1  0x42C030ED
       7   357908    666.7       41     15.6    97.0  0x42C1F25F
       7   357907    666.7       40     23.4    98.9  0x42C5BC99
       7   357908    666.7       40     23.4    98.9  0x42C5CFC7
       7   357908    666.7       41     15.6    98.7  0x42C56B8F
       7   357909    666.7       41     15.6    99.0  0x42C6149E
       7   357908    666.7       40     23.4    91.4  0x42B6B596
       7   357909    666.7       40     23.4    96.9  0x42C1B357
       7   429489    800.0       40     19.5    99.1  0x42C63D96
       7   429490    800.0       40     19.5    96.7  0x42C17C29
       7   429489    800.0       39     26.0    97.7  0x42C3763B
       7   429490    800.0       39     26.0    97.5  0x42C3110D
       7   536859   1000.0       38     26.0    92.0  0x42B7EDF8
       7   536860   1000.0       38     26.0   106.9  0x42D5C0B0
       7   536862   1000.0       41     10.4    83.7  0x42A77E6F
       7   536863   1000.0       41     10.4    83.0  0x42A5E8E0
       7   536862   1000.0       41     10.4    81.4  0x42A2C74F
       7   536860   1000.0       40     15.6    75.3  0x4296A374
       7   536861   1000.0       40     15.6   128.9  0x4300E4D8
       7   536862   1000.0       40     15.6   130.5  0x430278E6
       7   536863   1000.0       40     15.6   107.3  0x42D6AFD4
SIFTED RESULT
HARMONIC   FREQ   ACCELERATION  POWER
======================================
       0    500.0    20.8    84.1  
HARMONIC   T_EXC     S_EXC   P_EXC    
======================================
       0        0        0        0 
       1        0        0        0 
       2        0        0        0 
       3        0        0        0 
       4        0        0        0 
       5        0        0        0 
       6       68   268430       29 
       7      887    67108        9 
       8        0        0        0 
       9        0        0        0 
      10        0        0        0 
      11        0        0        0 
      12        0        0        0 
      13        0        0        0 
      14        0        0        0 
      15        0        0        0 
Loading data ...
Triggering ...
FDAS-FILTERS-MID_dd7e841_500.0_0.05_1.0_20.0_Gaussian_45.0_0000_123123123
==================================================================
FDAS Version with 28 Convolutions per loop, 2 DDRs storing the FOP, 2 Summer Trees
ANALYSIS RUN 1
HARMONIC   FOPCOL     FREQ   FOPROW ACCELERATION    POWER
=========================================================
       0   268431    500.0       41     20.8   108.3  0x42D89312
       0   268431    500.0       41     20.8   108.3  0x42D89312
       0   268431    500.0       41     20.8   108.3  0x42D89312
       0   268431    500.0       41     20.8   108.3  0x42D89312
       0   268431    500.0       41     20.8   108.3  0x42D89312
       0   268431    500.0       41     20.8   108.3  0x42D89312
       0   268431    500.0       41     20.8   108.3  0x42D89312
       0   268431    500.0       41     20.8   108.3  0x42D89312
       0   268431    500.0       41     20.8   108.3  0x42D89312
       0   268431    500.0       41     20.8   108.3  0x42D89312
       1   536861   1000.0       39     20.8   163.1  0x43231F1E
       1   536861   1000.0       39     20.8   163.1  0x43231F1E
       1   536861   1000.0       39     20.8   163.1  0x43231F1E
       1   536861   1000.0       39     20.8   163.1  0x43231F1E
       1   536861   1000.0       39     20.8   163.1  0x43231F1E
       1   536862   1000.0       40     15.6   150.4  0x431660A6
       1   536862   1000.0       40     15.6   150.4  0x431660A6
       1   536861   1000.0       39     20.8   210.7  0x4352AA68
       1   536861   1000.0       39     20.8   210.7  0x4352AA68
       1   536861   1000.0       39     20.8   210.7  0x4352AA68
       1   536861   1000.0       39     20.8   210.7  0x4352AA68
       1   536861   1000.0       39     20.8   210.7  0x4352AA68
       2   805292   1500.0       38     17.3   273.9  0x4388F409
       2   805292   1500.0       37     20.8   358.1  0x43B30E62
       2   805292   1500.0       37     20.8   358.1  0x43B30E62
       2   805292   1500.0       37     20.8   358.1  0x43B30E62
       3  1073722   2000.0       35     20.8   389.3  0x43C2A275
       3  1073723   2000.0       35     20.8   452.7  0x43E25FFF
       3  1073722   2000.0       35     20.8   389.3  0x43C2A275
       3  1073723   2000.0       35     20.8   452.7  0x43E25FFF
       3  1073722   2000.0       35     20.8   389.3  0x43C2A275
       3  1073723   2000.0       35     20.8   452.7  0x43E25FFF
       4  1342153   2500.0       34     18.7   390.5  0x43C33DA2
       4  1342153   2500.0       34     18.7   518.1  0x4401842B
       4  1342154   2500.0       34     18.7   463.3  0x43E7A5DB
       4  1342153   2500.0       33     20.8   520.4  0x44021851
       4  1342154   2500.0       33     20.8   461.4  0x43E6AE56
       4  1342153   2500.0       33     20.8   520.4  0x44021851
       4  1342154   2500.0       33     20.8   461.4  0x43E6AE56
       5   805292   1500.0       38     17.3   279.3  0x438BA31C
       5   805292   1500.0       37     20.8   363.3  0x43B5AB0E
       5  1610582   2999.9       32     19.1   259.8  0x4381E221
       5  1610583   2999.9       32     19.1   276.0  0x4389FF99
       5  1610582   2999.9       30     22.5   258.9  0x438173FB
       5  1610583   2999.9       30     22.5   269.8  0x4386E156
       5  1610584   2999.9       33     17.3   259.4  0x4381B475
       5  1610585   2999.9       33     17.3   281.6  0x438CD189
       5  1610586   3000.0       33     17.3   261.5  0x4382C0BB
       5  1610587   3000.0       33     17.3   259.1  0x43818B8C
       5  1610583   2999.9       33     17.3   291.3  0x4391A78B
       5  1610584   2999.9       33     17.3   268.8  0x43866B97
       5  1610585   2999.9       33     17.3   295.2  0x43939BD6
       5  1610586   3000.0       33     17.3   279.9  0x438BF77E
       5  1610587   3000.0       33     17.3   277.5  0x438AC24F
       5  1610583   2999.9       32     19.1   408.2  0x43CC1E95
       5  1610584   2999.9       32     19.1   447.2  0x43DF9990
       5  1610585   2999.9       32     19.1   251.8  0x437BCC43
       5  1610583   2999.9       32     19.1   472.3  0x43EC2BBF
       5  1610584   2999.9       32     19.1   574.8  0x440FB222
       5  1610585   2999.9       32     19.1   392.9  0x43C47258
       5  1610583   2999.9       31     20.8   466.6  0x43E94AA0
       5  1610584   2999.9       31     20.8   571.2  0x440ECD10
       5  1610585   2999.9       31     20.8   401.1  0x43C887DC
       5  1610583   2999.9       30     22.5   474.2  0x43ED1D2B
       6   626337   1166.6       39     17.8   173.1  0x432D1DC1
       6   626338   1166.6       39     17.8   221.3  0x435D4B37
       6   626337   1166.6       38     22.3   174.7  0x432EAF30
       6   626338   1166.6       38     22.3   219.5  0x435B809A
       6   805292   1500.0       37     20.8   167.2  0x432733E7
       6   805292   1500.0       37     20.8   165.2  0x4325322F
       6   939507   1750.0       37     17.8   218.8  0x435AD1FC
       6   939508   1750.0       37     17.8   221.3  0x435D4FD1
       6   939506   1750.0       37     17.8   198.0  0x43460775
       6   939507   1750.0       37     17.8   280.1  0x438C1238
       6   939508   1750.0       37     17.8   279.4  0x438BB193
       6   939506   1750.0       36     20.8   184.1  0x43381B3B
       6   939507   1750.0       36     20.8   364.1  0x43B60A35
       6   939508   1750.0       36     20.8   365.8  0x43B6E9C1
       6   939506   1750.0       35     23.8   212.7  0x4354BA75
       6   939507   1750.0       35     23.8   235.2  0x436B3382
       6   939508   1750.0       35     23.8   235.1  0x436B1D25
       6   939504   1750.0       35     23.8   157.7  0x431DB17D
       6   939505   1750.0       35     23.8   159.1  0x431F12D8
       6   939506   1750.0       35     23.8   161.1  0x43211126
       6   939507   1750.0       35     23.8   154.1  0x431A1AC6
       6   939508   1750.0       35     23.8   176.2  0x43303513
       6   939509   1750.0       37     17.8   219.7  0x435BAFB4
       6   939509   1750.0       37     17.8   199.9  0x4347E6E2
       6   939509   1750.0       35     23.8   164.0  0x4323F97C
       7   268431    500.0       41     20.8   123.5  0x42F7152E
       7   268430    500.0       41     20.8    76.1  0x42981F26
       7   268431    500.0       41     20.8   124.9  0x42F9B4FB
       7   306778    571.4       42      9.1    76.8  0x42999373
       7   306778    571.4       41     18.2   120.0  0x42F00534
       7   306779    571.4       41     18.2   118.3  0x42EC9C94
       7   357907    666.7       41     15.6   120.3  0x42F099EE
       7   357908    666.7       41     15.6   121.2  0x42F25F2C
       7   357906    666.7       40     23.4    79.2  0x429E4DEE
       7   357907    666.7       40     23.4   122.9  0x42F5D78B
       7   357908    666.7       40     23.4   122.9  0x42F5E328
       7   357908    666.7       41     15.6   123.0  0x42F5F3A7
       7   357909    666.7       41     15.6   123.3  0x42F699B8
       7   357908    666.7       40     23.4   115.6  0x42E737C1
       7   357909    666.7       40     23.4   121.0  0x42F1F9A3
       7   429489    800.0       40     19.5   123.4  0x42F6D1B4
       7   429490    800.0       40     19.5   121.2  0x42F25C9B
       7   429487    800.0       39     26.0    76.8  0x42999C65
       7   429488    800.0       39     26.0    76.2  0x42986256
       7   429489    800.0       39     26.0   122.0  0x42F40FEF
       7   429490    800.0       39     26.0   122.0  0x42F3E86A
       7   536859   1000.0       40     15.6    84.2  0x42A86391
       7   536860   1000.0       40     15.6    89.4  0x42B2C250
       7   536860   1000.0       39     20.8    87.1  0x42AE3A48
       7   536859   1000.0       38     26.0   107.3  0x42D68729
SIFTED RESULT
HARMONIC   FREQ   ACCELERATION  POWER
======================================
       0    500.0    20.8   108.3  
HARMONIC   T_EXC     S_EXC   P_EXC    
======================================
       0        0        0        0 
       1        0        0        0 
       2        0        0        0 
       3        0        0        0 
       4        0        0        0 
       5        6   268431       29 
       6      143   134216       19 
       7     1463    67107       11 
       8        0        0        0 
       9        0        0        0 
      10        0        0        0 
      11        0        0        0 
      12        0        0        0 
      13        0        0        0 
      14        0        0        0 
      15        0        0        0 
Loading data ...
Triggering ...
FDAS-FILTERS-MID_dd7e841_500.0_0.05_1.0_20.0_Gaussian_50.0_0000_123123123
==================================================================
FDAS Version with 28 Convolutions per loop, 2 DDRs storing the FOP, 2 Summer Trees
ANALYSIS RUN 1
HARMONIC   FOPCOL     FREQ   FOPROW ACCELERATION    POWER
=========================================================
       0   268431    500.0       41     20.8   134.3  0x4306508D
       0   268431    500.0       41     20.8   134.3  0x4306508D
       0   268431    500.0       41     20.8   134.3  0x4306508D
       0   268431    500.0       41     20.8   134.3  0x4306508D
       0   268431    500.0       41     20.8   134.3  0x4306508D
       0   268431    500.0       41     20.8   134.3  0x4306508D
       0   268431    500.0       41     20.8   134.3  0x4306508D
       0   268431    500.0       41     20.8   134.3  0x4306508D
       0   268431    500.0       41     20.8   134.3  0x4306508D
       0   268431    500.0       41     20.8   134.3  0x4306508D
       1   536861   1000.0       39     20.8   198.6  0x4346A187
       1   536861   1000.0       39     20.8   198.6  0x4346A187
       1   536861   1000.0       39     20.8   198.6  0x4346A187
       1   536861   1000.0       39     20.8   198.6  0x4346A187
       1   536861   1000.0       39     20.8   198.6  0x4346A187
       1   536861   1000.0       40     15.6   185.6  0x43399CBE
       1   536862   1000.0       40     15.6   185.5  0x433980D0
       1   536863   1000.0       40     15.6   156.7  0x431CAFAD
       1   536861   1000.0       40     15.6   185.6  0x43399CBE
       1   536862   1000.0       40     15.6   185.5  0x433980D0
       1   536863   1000.0       40     15.6   156.7  0x431CAFAD
       1   536861   1000.0       39     20.8   262.1  0x43830B48
       1   536862   1000.0       39     20.8   160.7  0x4320A785
       1   536861   1000.0       39     20.8   262.1  0x43830B48
       1   536862   1000.0       39     20.8   160.7  0x4320A785
       1   536861   1000.0       39     20.8   262.1  0x43830B48
       1   536862   1000.0       39     20.8   160.7  0x4320A785
       1   536861   1000.0       39     20.8   262.1  0x43830B48
       1   536862   1000.0       39     20.8   160.7  0x4320A785
       1   536861   1000.0       39     20.8   262.1  0x43830B48
       1   536862   1000.0       39     20.8   160.7  0x4320A785
       1   536861   1000.0       38     26.0   159.0  0x431F0CAA
       1   536862   1000.0       38     26.0   171.1  0x432B256D
       1   536863   1000.0       38     26.0   153.3  0x43194775
       1   536861   1000.0       38     26.0   159.0  0x431F0CAA
       2   805292   1500.0       38     17.3   263.1  0x43838BBC
       2   805293   1500.0       38     17.3   261.7  0x4382D5D0
       2   805292   1500.0       38     17.3   263.1  0x43838BBC
       2   805293   1500.0       38     17.3   261.7  0x4382D5D0
       2   805292   1500.0       38     17.3   339.6  0x43A9C8A6
       2   805292   1500.0       37     20.8   442.2  0x43DD19F8
       2   805292   1500.0       37     20.8   442.2  0x43DD19F8
       2   805292   1500.0       37     20.8   442.2  0x43DD19F8
       2   805292   1500.0       36     24.3   285.1  0x438E91E3
       3  1073722   2000.0       36     18.2   399.9  0x43C7F3BB
       3  1073723   2000.0       36     18.2   384.2  0x43C01ADE
       3  1073722   2000.0       35     20.8   480.4  0x43F037A2
       3  1073723   2000.0       35     20.8   554.8  0x440AB492
       3  1073722   2000.0       35     20.8   480.4  0x43F037A2
       3  1073723   2000.0       35     20.8   554.8  0x440AB492
       3  1073722   2000.0       35     20.8   480.4  0x43F037A2
       3  1073723   2000.0       35     20.8   554.8  0x440AB492
       4  1342153   2500.0       34     18.7   477.8  0x43EEE34D
       4  1342154   2500.0       34     18.7   397.5  0x43C6C18C
       4  1342153   2500.0       34     18.7   632.7  0x441E2C5B
       4  1342154   2500.0       34     18.7   568.1  0x440E07E9
       4  1342153   2500.0       33     20.8   637.9  0x441F76B7
       4  1342154   2500.0       33     20.8   565.8  0x440D75D4
       4  1342153   2500.0       33     20.8   637.9  0x441F76B7
       4  1342154   2500.0       33     20.8   565.8  0x440D75D4
       5   536861   1000.0       39     20.8   272.1  0x43881230
       5   536861   1000.0       39     20.8   270.7  0x43875472
       5   805292   1500.0       38     17.3   268.5  0x43863FBE
       5   805293   1500.0       38     17.3   266.4  0x4385307E
       5   805292   1500.0       38     17.3   344.9  0x43AC7850
       5   805292   1500.0       37     20.8   447.4  0x43DFB7D0
       5   805291   1500.0       36     24.3   254.4  0x437E6D9C
       5   805292   1500.0       36     24.3   290.4  0x43912FBB
       5   805293   1500.0       38     17.3   264.0  0x43840026
       5  1610582   2999.9       33     17.3   252.9  0x437CE6BD
       5  1610582   2999.9       33     17.3   272.9  0x4388795F
       5  1610583   2999.9       33     17.3   276.4  0x438A328C
       5  1610582   2999.9       32     19.1   316.0  0x439DFC2A
       5  1610583   2999.9       32     19.1   335.1  0x43A7874E
       5  1610582   2999.9       32     19.1   274.0  0x4388FDCF
       5  1610583   2999.9       32     19.1   293.1  0x439288F3
       5  1610582   2999.9       31     20.8   272.6  0x438849E2
       5  1610583   2999.9       31     20.8   283.7  0x438DDABC
       5  1610582   2999.9       30     22.5   280.3  0x438C2508
       5  1610583   2999.9       30     22.5   292.9  0x439277C9
       5  1610582   2999.9       30     22.5   316.4  0x439E2EBA
       5  1610583   2999.9       30     22.5   329.0  0x43A4817B
       5  1610583   2999.9       33     17.3   304.9  0x43986F44
       5  1610584   2999.9       33     17.3   316.7  0x439E5C25
       5  1610585   2999.9       33     17.3   339.8  0x43A9E6EC
       6   626337   1166.6       39     17.8   208.7  0x4350AC95
       6   626338   1166.6       39     17.8   272.8  0x4388665C
       6   626339   1166.6       39     17.8   173.9  0x432DE384
       6   626340   1166.6       39     17.8   171.3  0x432B4A26
       6   626337   1166.6       38     22.3   210.3  0x435243B7
       6   626338   1166.6       38     22.3   271.0  0x43878121
       6   626339   1166.6       38     22.3   167.2  0x432733C9
       6   626340   1166.6       38     22.3   168.4  0x43285BF2
       6   626338   1166.6       37     26.7   176.6  0x433097A1
       6   626339   1166.6       37     26.7   176.6  0x43309744
       6   626340   1166.6       37     26.7   176.8  0x4330C434
       6   805292   1500.0       37     20.8   200.0  0x4347F6BE
       6   805292   1500.0       37     20.8   198.0  0x43460824
       6   939508   1750.0       38     14.9   156.3  0x431C4E6D
       6   939506   1750.0       37     17.8   164.6  0x43249B80
       6   939507   1750.0       37     17.8   269.3  0x4386AC20
       6   939508   1750.0       37     17.8   268.7  0x43865342
       6   939506   1750.0       37     17.8   241.1  0x43710D1F
       6   939507   1750.0       37     17.8   345.8  0x43ACE4B2
       6   939508   1750.0       37     17.8   345.1  0x43AC8BD4
       6   939506   1750.0       36     20.8   221.3  0x435D4075
       6   939507   1750.0       36     20.8   448.2  0x43E01618
       6   939508   1750.0       36     20.8   450.0  0x43E0FD15
       6   939506   1750.0       35     23.8   257.5  0x4380C5E1
       6   939507   1750.0       35     23.8   290.6  0x43914CE9
       7   268431    500.0       42     10.4    82.6  0x42A51FAA
       7   268430    500.0       41     20.8    85.0  0x42AA1663
       7   268431    500.0       41     20.8   149.7  0x4315B727
       7   268430    500.0       41     20.8    86.1  0x42AC4C01
       7   268431    500.0       41     20.8   150.9  0x4316EA50
       7   306777    571.4       42      9.1    75.1  0x42962C85
       7   306778    571.4       42      9.1    87.8  0x42AFA483
       7   306779    571.4       42      9.1    84.6  0x42A946A9
       7   306778    571.4       41     18.2    80.9  0x42A1C0A0
       7   306779    571.4       41     18.2    79.2  0x429E733C
       7   306777    571.4       41     18.2    84.0  0x42A811D2
       7   306778    571.4       41     18.2   146.0  0x4311F791
       7   306779    571.4       41     18.2   144.3  0x431050E0
       7   357907    666.7       42      7.8    77.3  0x429AA55B
       7   357908    666.7       42      7.8    75.3  0x42968802
       7   357907    666.7       41     15.6    79.3  0x429E9DC9
       7   357908    666.7       41     15.6    80.2  0x42A0786B
       7   357906    666.7       41     15.6    82.2  0x42A452D0
       7   357907    666.7       41     15.6   146.4  0x43125C5D
       7   357908    666.7       41     15.6   147.3  0x431349AE
       7   357906    666.7       40     23.4    89.2  0x42B25C8A
       7   357907    666.7       40     23.4   148.9  0x4314E191
       7   357908    666.7       40     23.4   148.9  0x4314E7D6
       7   357908    666.7       42      7.8    78.9  0x429DDAF2
       7   357909    666.7       42      7.8    78.0  0x429C0AC4
SIFTED RESULT
HARMONIC   FREQ   ACCELERATION  POWER
======================================
       0    500.0    20.8   134.3  
HARMONIC   T_EXC     S_EXC   P_EXC    
======================================
       0        0        0        0 
       1        5   268431       11 
       2        0        0        0 
       3        0        0        0 
       4        0        0        0 
       5       34   268431       23 
       6      236   134215       19 
       7     2272    44739        5 
       8        0        0        0 
       9        0        0        0 
      10        0        0        0 
      11        0        0        0 
      12        0        0        0 
      13        0        0        0 
      14        0        0        0 
      15        0        0        0 

# ------------------------------------------------------------
# Finished:   Wed May 15 11:46:39 BST 2024
# RunTime:    0 days 0 hrs 0 mins 16 secs
# Mismatches: 0
# Status:     PASSED
# ------------------------------------------------------------
